<?xml version="1.0" encoding="UTF-8"?>
<testng-results total="1" passed="1" failed="0" skipped="0">
  <reporter-output>
  </reporter-output>
  <suite started-at="2020-01-11T12:26:23Z" name="com.nkt.org.mavenDemo.Class2" finished-at="2020-01-11T12:26:23Z" duration-ms="20">
    <groups>
    </groups>
    <test started-at="2020-01-11T12:26:23Z" name="Command line test" finished-at="2020-01-11T12:26:23Z" duration-ms="20">
      <class name="com.nkt.org.mavenDemo.Class2">
        <test-method signature="test3()[pri:0, instance:com.nkt.org.mavenDemo.Class2@436e852b]" started-at="2020-01-11T12:26:23Z" name="test3" finished-at="2020-01-11T12:26:23Z" duration-ms="8" status="PASS">
        </test-method> <!-- test3 -->
      </class> <!-- com.nkt.org.mavenDemo.Class2 -->
    </test> <!-- Command line test -->
  </suite> <!-- com.nkt.org.mavenDemo.Class2 -->
</testng-results>
