<?xml version="1.0" encoding="UTF-8"?>
<testng-results ignored="0" total="1" passed="1" failed="0" skipped="0">
  <reporter-output>
  </reporter-output>
  <suite started-at="2020-06-30T10:14:05 IST" name="Default suite" finished-at="2020-06-30T10:14:45 IST" duration-ms="39873">
    <groups>
    </groups>
    <test started-at="2020-06-30T10:14:05 IST" name="Default test" finished-at="2020-06-30T10:14:45 IST" duration-ms="39873">
      <class name="com.nkt.org.mavenDemo.PracticeClass6">
        <test-method is-config="true" signature="setUp()[pri:0, instance:com.nkt.org.mavenDemo.PracticeClass6@1c93084c]" started-at="2020-06-30T10:14:05 IST" name="setUp" finished-at="2020-06-30T10:14:13 IST" duration-ms="8169" status="PASS">
          <reporter-output>
          </reporter-output>
        </test-method> <!-- setUp -->
        <test-method signature="test()[pri:0, instance:com.nkt.org.mavenDemo.PracticeClass6@1c93084c]" started-at="2020-06-30T10:14:13 IST" name="test" finished-at="2020-06-30T10:14:45 IST" duration-ms="31634" status="PASS">
          <reporter-output>
          </reporter-output>
        </test-method> <!-- test -->
      </class> <!-- com.nkt.org.mavenDemo.PracticeClass6 -->
    </test> <!-- Default test -->
  </suite> <!-- Default suite -->
</testng-results>
